Using pre-set license
Built from '2020.3/release' branch; Version is '2020.3.7f1 (dd97f2c94397) revision 14522354'; Using compiler version '192528614'; Build Type 'Release'
OS: 'Windows 10 Pro; OS build 19044.2130; Version 2009; 64bit' Language: 'ja' Physical Memory: 65473 MB
BatchMode: 1, IsHumanControllingUs: 0, StartBugReporterOnCrash: 0, Is64bit: 1, IsPro: 0

 COMMAND LINE ARGUMENTS:
C:\Program Files\Unity\Hub\Editor\2020.3.7f1\Editor\Unity.exe
-adb2
-batchMode
-noUpm
-name
AssetImportWorker0
-projectPath
D:/Game/SSGame2D/BeatTheHero
-logFile
Logs/AssetImportWorker0.log
-srvPort
65060
Successfully changed project path to: D:/Game/SSGame2D/BeatTheHero
D:/Game/SSGame2D/BeatTheHero
Using Asset Import Pipeline V2.
Refreshing native plugins compatible for Editor in 37.48 ms, found 1 plugins.
Preloading 0 native plugins for Editor in 0.00 ms.
Initialize engine version: 2020.3.7f1 (dd97f2c94397)
[Subsystems] Discovering subsystems at path C:/Program Files/Unity/Hub/Editor/2020.3.7f1/Editor/Data/Resources/UnitySubsystems
[Subsystems] Discovering subsystems at path D:/Game/SSGame2D/BeatTheHero/Assets
GfxDevice: creating device client; threaded=0
Direct3D:
    Version:  Direct3D 11.0 [level 11.1]
    Renderer: NVIDIA GeForce RTX 2080 (ID=0x1e90)
    Vendor:   
    VRAM:     8010 MB
    Driver:   27.21.14.6275
Initialize mono
Mono path[0] = 'C:/Program Files/Unity/Hub/Editor/2020.3.7f1/Editor/Data/Managed'
Mono path[1] = 'C:/Program Files/Unity/Hub/Editor/2020.3.7f1/Editor/Data/MonoBleedingEdge/lib/mono/unityjit'
Mono config path = 'C:/Program Files/Unity/Hub/Editor/2020.3.7f1/Editor/Data/MonoBleedingEdge/etc'
Using monoOptions --debugger-agent=transport=dt_socket,embedding=1,server=y,suspend=n,address=127.0.0.1:56688
Begin MonoManager ReloadAssembly
Registering precompiled unity dll's ...
Register platform support module: C:/Program Files/Unity/Hub/Editor/2020.3.7f1/Editor/Data/PlaybackEngines/WindowsStandaloneSupport/UnityEditor.WindowsStandalone.Extensions.dll
Registered in 0.002048 seconds.
Native extension for WindowsStandalone target not found
Refreshing native plugins compatible for Editor in 38.32 ms, found 1 plugins.
Preloading 0 native plugins for Editor in 0.00 ms.
Mono: successfully reloaded assembly
- Completed reload, in  1.793 seconds
Platform modules already initialized, skipping
Registering precompiled user dll's ...
Registered in 0.001403 seconds.
Begin MonoManager ReloadAssembly
Native extension for WindowsStandalone target not found
Refreshing native plugins compatible for Editor in 38.25 ms, found 1 plugins.
Preloading 0 native plugins for Editor in 0.00 ms.
Mono: successfully reloaded assembly
- Completed reload, in  0.741 seconds
Platform modules already initialized, skipping
========================================================================
Worker process is ready to serve import requests
Launched and connected shader compiler UnityShaderCompiler.exe after 0.03 seconds
Refreshing native plugins compatible for Editor in 0.44 ms, found 1 plugins.
Preloading 0 native plugins for Editor in 0.00 ms.
Unloading 1888 Unused Serialized files (Serialized files now loaded: 0)
System memory in use before: 110.0 MB.
System memory in use after: 109.9 MB.

Unloading 25 unused Assets to reduce memory usage. Loaded Objects now: 2358.
Total: 1.815600 ms (FindLiveObjects: 0.152600 ms CreateObjectMapping: 0.050900 ms MarkObjects: 1.489800 ms  DeleteObjects: 0.121700 ms)

========================================================================
Received Import Request.
  path: Assets/AppMain/Script/Reslt/ResltSystem.cs
  artifactKey: Guid(60987134a33a91f41af1735b122d3b61) Importer(815301076,1909f56bfc062723c751e8b465ee728b)
Start importing Assets/AppMain/Script/Reslt/ResltSystem.cs using Guid(60987134a33a91f41af1735b122d3b61) Importer(815301076,1909f56bfc062723c751e8b465ee728b)  -> (artifact id: '7565c9c99f05e79b223186203d2176dd') in 0.017903 seconds
  Import took 0.020118 seconds .

========================================================================
Received Import Request.
  Time since last request: 69.485202 seconds.
  path: Assets/AppMain/Script/Reslt/AcquiredItemSystem.cs
  artifactKey: Guid(84283d59d7bd0274995abefd0663f029) Importer(815301076,1909f56bfc062723c751e8b465ee728b)
Start importing Assets/AppMain/Script/Reslt/AcquiredItemSystem.cs using Guid(84283d59d7bd0274995abefd0663f029) Importer(815301076,1909f56bfc062723c751e8b465ee728b)  -> (artifact id: '5a8a9253cbee7f4fc5c6a4c6cbf9ba5f') in 0.001931 seconds
  Import took 0.004440 seconds .

========================================================================
Received Import Request.
  Time since last request: 133.332863 seconds.
  path: Assets/AppMain/Script/Reslt/AcquiredItemSystem.cs
  artifactKey: Guid(84283d59d7bd0274995abefd0663f029) Importer(815301076,1909f56bfc062723c751e8b465ee728b)
Start importing Assets/AppMain/Script/Reslt/AcquiredItemSystem.cs using Guid(84283d59d7bd0274995abefd0663f029) Importer(815301076,1909f56bfc062723c751e8b465ee728b)  -> (artifact id: 'a291f87b9682e496a56a9b8ebaf6ffb9') in 0.001372 seconds
  Import took 0.003892 seconds .

========================================================================
Received Import Request.
  Time since last request: 446.171869 seconds.
  path: Assets/AppMain/Script/Reslt/AcquiredItemSystem.cs
  artifactKey: Guid(84283d59d7bd0274995abefd0663f029) Importer(815301076,1909f56bfc062723c751e8b465ee728b)
Start importing Assets/AppMain/Script/Reslt/AcquiredItemSystem.cs using Guid(84283d59d7bd0274995abefd0663f029) Importer(815301076,1909f56bfc062723c751e8b465ee728b)  -> (artifact id: 'b47b172b706f99328bf50ca44c8956f5') in 0.001703 seconds
  Import took 0.004075 seconds .

========================================================================
Received Import Request.
  Time since last request: 346.365317 seconds.
  path: Assets/AppMain/Script/Reslt/AcquiredItemSystem.cs
  artifactKey: Guid(84283d59d7bd0274995abefd0663f029) Importer(815301076,1909f56bfc062723c751e8b465ee728b)
Start importing Assets/AppMain/Script/Reslt/AcquiredItemSystem.cs using Guid(84283d59d7bd0274995abefd0663f029) Importer(815301076,1909f56bfc062723c751e8b465ee728b)  -> (artifact id: 'ea8a27372068844be133747043cfec2b') in 0.001652 seconds
  Import took 0.004441 seconds .

========================================================================
Received Prepare
Registering precompiled user dll's ...
Registered in 0.001509 seconds.
Begin MonoManager ReloadAssembly
Native extension for WindowsStandalone target not found
Refreshing native plugins compatible for Editor in 0.44 ms, found 1 plugins.
Preloading 0 native plugins for Editor in 0.00 ms.
Mono: successfully reloaded assembly
- Completed reload, in  0.681 seconds
Platform modules already initialized, skipping
Refreshing native plugins compatible for Editor in 0.44 ms, found 1 plugins.
Preloading 0 native plugins for Editor in 0.00 ms.
Unloading 1883 Unused Serialized files (Serialized files now loaded: 0)
System memory in use before: 109.9 MB.
System memory in use after: 109.9 MB.

Unloading 14 unused Assets to reduce memory usage. Loaded Objects now: 2362.
Total: 1.799900 ms (FindLiveObjects: 0.157600 ms CreateObjectMapping: 0.053400 ms MarkObjects: 1.478800 ms  DeleteObjects: 0.109400 ms)

========================================================================
Received Prepare
Registering precompiled user dll's ...
Registered in 0.001447 seconds.
Begin MonoManager ReloadAssembly
Native extension for WindowsStandalone target not found
Refreshing native plugins compatible for Editor in 0.44 ms, found 1 plugins.
Preloading 0 native plugins for Editor in 0.00 ms.
Mono: successfully reloaded assembly
- Completed reload, in  0.683 seconds
Platform modules already initialized, skipping
Refreshing native plugins compatible for Editor in 0.43 ms, found 1 plugins.
Preloading 0 native plugins for Editor in 0.00 ms.
Unloading 1883 Unused Serialized files (Serialized files now loaded: 0)
System memory in use before: 110.0 MB.
System memory in use after: 110.0 MB.

Unloading 14 unused Assets to reduce memory usage. Loaded Objects now: 2366.
Total: 1.725800 ms (FindLiveObjects: 0.162800 ms CreateObjectMapping: 0.059400 ms MarkObjects: 1.387700 ms  DeleteObjects: 0.115200 ms)

========================================================================
Received Import Request.
  Time since last request: 786.384438 seconds.
  path: Assets/AppMain/Scenes/Battle/ResltScene.unity
  artifactKey: Guid(70855dc9f6a372349abf69ffb2bf4d43) Importer(815301076,1909f56bfc062723c751e8b465ee728b)
Start importing Assets/AppMain/Scenes/Battle/ResltScene.unity using Guid(70855dc9f6a372349abf69ffb2bf4d43) Importer(815301076,1909f56bfc062723c751e8b465ee728b)  -> (artifact id: '86cd46b529e8e0835c3e4e6b59ff274b') in 0.010126 seconds
  Import took 0.012613 seconds .

========================================================================
Received Prepare
Registering precompiled user dll's ...
Registered in 0.001433 seconds.
Begin MonoManager ReloadAssembly
Native extension for WindowsStandalone target not found
Refreshing native plugins compatible for Editor in 0.44 ms, found 1 plugins.
Preloading 0 native plugins for Editor in 0.00 ms.
Mono: successfully reloaded assembly
- Completed reload, in  0.685 seconds
Platform modules already initialized, skipping
Refreshing native plugins compatible for Editor in 0.45 ms, found 1 plugins.
Preloading 0 native plugins for Editor in 0.00 ms.
Unloading 1883 Unused Serialized files (Serialized files now loaded: 0)
System memory in use before: 110.0 MB.
System memory in use after: 110.0 MB.

Unloading 14 unused Assets to reduce memory usage. Loaded Objects now: 2370.
Total: 2.013600 ms (FindLiveObjects: 0.253200 ms CreateObjectMapping: 0.067400 ms MarkObjects: 1.563400 ms  DeleteObjects: 0.128800 ms)

========================================================================
Received Prepare
Registering precompiled user dll's ...
Registered in 0.001493 seconds.
Begin MonoManager ReloadAssembly
Native extension for WindowsStandalone target not found
Refreshing native plugins compatible for Editor in 0.48 ms, found 1 plugins.
Preloading 0 native plugins for Editor in 0.00 ms.
Mono: successfully reloaded assembly
- Completed reload, in  0.710 seconds
Platform modules already initialized, skipping
Refreshing native plugins compatible for Editor in 0.45 ms, found 1 plugins.
Preloading 0 native plugins for Editor in 0.00 ms.
Unloading 1883 Unused Serialized files (Serialized files now loaded: 0)
System memory in use before: 110.0 MB.
System memory in use after: 110.0 MB.

Unloading 14 unused Assets to reduce memory usage. Loaded Objects now: 2374.
Total: 1.971000 ms (FindLiveObjects: 0.196700 ms CreateObjectMapping: 0.065900 ms MarkObjects: 1.577100 ms  DeleteObjects: 0.130000 ms)

========================================================================
Received Import Request.
  Time since last request: 894.714031 seconds.
  path: Assets/AppMain/DateBase/Item
  artifactKey: Guid(c667ada4945aba843bab775677ccdbe0) Importer(815301076,1909f56bfc062723c751e8b465ee728b)
Start importing Assets/AppMain/DateBase/Item using Guid(c667ada4945aba843bab775677ccdbe0) Importer(815301076,1909f56bfc062723c751e8b465ee728b)  -> (artifact id: 'd8a0669ea5255d20e3d45693d45b1561') in 0.003587 seconds
  Import took 0.006177 seconds .

========================================================================
Received Import Request.
  Time since last request: 0.006762 seconds.
  path: Assets/AppMain/DateBase/Item
  artifactKey: Guid(c667ada4945aba843bab775677ccdbe0) Importer(815301076,1909f56bfc062723c751e8b465ee728b)
Start importing Assets/AppMain/DateBase/Item using Guid(c667ada4945aba843bab775677ccdbe0) Importer(815301076,1909f56bfc062723c751e8b465ee728b)  -> (artifact id: 'd8a0669ea5255d20e3d45693d45b1561') in 0.001648 seconds
  Import took 0.004113 seconds .

========================================================================
Received Prepare
Registering precompiled user dll's ...
Registered in 0.001568 seconds.
Begin MonoManager ReloadAssembly
Native extension for WindowsStandalone target not found
Refreshing native plugins compatible for Editor in 0.44 ms, found 1 plugins.
Preloading 0 native plugins for Editor in 0.00 ms.
Mono: successfully reloaded assembly
- Completed reload, in  0.687 seconds
Platform modules already initialized, skipping
Refreshing native plugins compatible for Editor in 0.44 ms, found 1 plugins.
Preloading 0 native plugins for Editor in 0.00 ms.
Unloading 1883 Unused Serialized files (Serialized files now loaded: 0)
System memory in use before: 110.1 MB.
System memory in use after: 110.0 MB.

Unloading 14 unused Assets to reduce memory usage. Loaded Objects now: 2378.
Total: 1.909800 ms (FindLiveObjects: 0.195900 ms CreateObjectMapping: 0.054800 ms MarkObjects: 1.525100 ms  DeleteObjects: 0.133000 ms)

========================================================================
Received Prepare
Registering precompiled user dll's ...
Registered in 0.001487 seconds.
Begin MonoManager ReloadAssembly
Native extension for WindowsStandalone target not found
Refreshing native plugins compatible for Editor in 0.47 ms, found 1 plugins.
Preloading 0 native plugins for Editor in 0.00 ms.
Mono: successfully reloaded assembly
- Completed reload, in  0.667 seconds
Platform modules already initialized, skipping
Refreshing native plugins compatible for Editor in 0.46 ms, found 1 plugins.
Preloading 0 native plugins for Editor in 0.00 ms.
Unloading 1883 Unused Serialized files (Serialized files now loaded: 0)
System memory in use before: 110.1 MB.
System memory in use after: 110.0 MB.

Unloading 14 unused Assets to reduce memory usage. Loaded Objects now: 2382.
Total: 1.971500 ms (FindLiveObjects: 0.240700 ms CreateObjectMapping: 0.068000 ms MarkObjects: 1.531400 ms  DeleteObjects: 0.130300 ms)

========================================================================
Received Prepare
Registering precompiled user dll's ...
Registered in 0.001451 seconds.
Begin MonoManager ReloadAssembly
Native extension for WindowsStandalone target not found
Refreshing native plugins compatible for Editor in 0.47 ms, found 1 plugins.
Preloading 0 native plugins for Editor in 0.00 ms.
Mono: successfully reloaded assembly
- Completed reload, in  0.855 seconds
Platform modules already initialized, skipping
Refreshing native plugins compatible for Editor in 0.48 ms, found 1 plugins.
Preloading 0 native plugins for Editor in 0.00 ms.
Unloading 1883 Unused Serialized files (Serialized files now loaded: 0)
System memory in use before: 110.1 MB.
System memory in use after: 110.0 MB.

Unloading 14 unused Assets to reduce memory usage. Loaded Objects now: 2386.
Total: 2.042700 ms (FindLiveObjects: 0.305100 ms CreateObjectMapping: 0.116900 ms MarkObjects: 1.487200 ms  DeleteObjects: 0.132200 ms)

========================================================================
Received Prepare
Registering precompiled user dll's ...
Registered in 0.001638 seconds.
Begin MonoManager ReloadAssembly
Native extension for WindowsStandalone target not found
Refreshing native plugins compatible for Editor in 0.48 ms, found 1 plugins.
Preloading 0 native plugins for Editor in 0.00 ms.
Mono: successfully reloaded assembly
- Completed reload, in  0.705 seconds
Platform modules already initialized, skipping
Refreshing native plugins compatible for Editor in 0.46 ms, found 1 plugins.
Preloading 0 native plugins for Editor in 0.00 ms.
Unloading 1883 Unused Serialized files (Serialized files now loaded: 0)
System memory in use before: 110.1 MB.
System memory in use after: 110.1 MB.

Unloading 14 unused Assets to reduce memory usage. Loaded Objects now: 2390.
Total: 1.911000 ms (FindLiveObjects: 0.279700 ms CreateObjectMapping: 0.074300 ms MarkObjects: 1.427600 ms  DeleteObjects: 0.128600 ms)

========================================================================
Received Prepare
Registering precompiled user dll's ...
Registered in 0.001548 seconds.
Begin MonoManager ReloadAssembly
Native extension for WindowsStandalone target not found
Refreshing native plugins compatible for Editor in 0.46 ms, found 1 plugins.
Preloading 0 native plugins for Editor in 0.00 ms.
Mono: successfully reloaded assembly
- Completed reload, in  0.701 seconds
Platform modules already initialized, skipping
Refreshing native plugins compatible for Editor in 0.47 ms, found 1 plugins.
Preloading 0 native plugins for Editor in 0.00 ms.
Unloading 1883 Unused Serialized files (Serialized files now loaded: 0)
System memory in use before: 110.1 MB.
System memory in use after: 110.1 MB.

Unloading 14 unused Assets to reduce memory usage. Loaded Objects now: 2394.
Total: 2.083700 ms (FindLiveObjects: 0.193800 ms CreateObjectMapping: 0.072700 ms MarkObjects: 1.676500 ms  DeleteObjects: 0.139200 ms)

========================================================================
Received Prepare
Registering precompiled user dll's ...
Registered in 0.002200 seconds.
Begin MonoManager ReloadAssembly
Native extension for WindowsStandalone target not found
Refreshing native plugins compatible for Editor in 0.46 ms, found 1 plugins.
Preloading 0 native plugins for Editor in 0.00 ms.
Mono: successfully reloaded assembly
- Completed reload, in  0.706 seconds
Platform modules already initialized, skipping
Refreshing native plugins compatible for Editor in 0.45 ms, found 1 plugins.
Preloading 0 native plugins for Editor in 0.00 ms.
Unloading 1883 Unused Serialized files (Serialized files now loaded: 0)
System memory in use before: 110.1 MB.
System memory in use after: 110.1 MB.

Unloading 14 unused Assets to reduce memory usage. Loaded Objects now: 2398.
Total: 2.790400 ms (FindLiveObjects: 0.299600 ms CreateObjectMapping: 0.107400 ms MarkObjects: 2.252900 ms  DeleteObjects: 0.129500 ms)

========================================================================
Received Prepare
Registering precompiled user dll's ...
Registered in 0.001386 seconds.
Begin MonoManager ReloadAssembly
Native extension for WindowsStandalone target not found
Refreshing native plugins compatible for Editor in 0.44 ms, found 1 plugins.
Preloading 0 native plugins for Editor in 0.00 ms.
Mono: successfully reloaded assembly
- Completed reload, in  0.708 seconds
Platform modules already initialized, skipping
Refreshing native plugins compatible for Editor in 0.44 ms, found 1 plugins.
Preloading 0 native plugins for Editor in 0.00 ms.
Unloading 1883 Unused Serialized files (Serialized files now loaded: 0)
System memory in use before: 110.0 MB.
System memory in use after: 110.0 MB.

Unloading 14 unused Assets to reduce memory usage. Loaded Objects now: 2402.
Total: 1.649100 ms (FindLiveObjects: 0.157100 ms CreateObjectMapping: 0.056900 ms MarkObjects: 1.321800 ms  DeleteObjects: 0.112500 ms)

========================================================================
Received Prepare
Registering precompiled user dll's ...
Registered in 0.001603 seconds.
Begin MonoManager ReloadAssembly
Native extension for WindowsStandalone target not found
Refreshing native plugins compatible for Editor in 0.49 ms, found 1 plugins.
Preloading 0 native plugins for Editor in 0.00 ms.
Mono: successfully reloaded assembly
- Completed reload, in  0.725 seconds
Platform modules already initialized, skipping
Refreshing native plugins compatible for Editor in 0.47 ms, found 1 plugins.
Preloading 0 native plugins for Editor in 0.00 ms.
Unloading 1883 Unused Serialized files (Serialized files now loaded: 0)
System memory in use before: 110.0 MB.
System memory in use after: 110.0 MB.

Unloading 14 unused Assets to reduce memory usage. Loaded Objects now: 2406.
Total: 1.850600 ms (FindLiveObjects: 0.231400 ms CreateObjectMapping: 0.066200 ms MarkObjects: 1.420600 ms  DeleteObjects: 0.131200 ms)

AssetImportWorkerClient::OnTransportError - code=2 error=End of file
